2022-06-14 22:58:26 INFO  initDataEachTest
2022-06-14 22:58:26 INFO  initTest
2022-06-14 22:58:26 INFO  clearDataEachTest
2022-06-14 22:58:26 INFO  initDataEachTest
2022-06-14 22:58:26 INFO  initTest
2022-06-14 22:58:26 INFO  test getAll
2022-06-14 22:58:26 INFO  clearDataEachTest
2022-06-14 22:58:26 INFO  initDataEachTest
2022-06-14 22:58:26 INFO  initTest
2022-06-14 22:58:26 INFO  test update
2022-06-14 22:58:26 INFO  clearDataEachTest
2022-06-14 22:58:26 INFO  initDataEachTest
2022-06-14 22:58:26 INFO  initTest
2022-06-14 22:58:26 INFO  clearDataEachTest
2022-06-14 22:58:26 INFO  initDataEachTest
2022-06-14 22:58:26 INFO  initTest
2022-06-14 22:58:26 INFO  test get
2022-06-14 22:58:26 INFO  clearDataEachTest
2022-06-14 22:58:26 INFO  initDataEachTest
2022-06-14 22:58:26 INFO  initTest
2022-06-14 22:58:26 INFO  clearDataEachTest
2022-06-14 22:58:26 INFO  clearTest
